0 verbose cli /usr/local/bin/node /usr/local/bin/npm
1 info using npm@10.9.4
2 info using node@v22.21.0
3 silly config load:file:/usr/local/lib/node_modules/npm/npmrc
4 silly config load:file:/Users/nnenaene/Desktop/blkpages/blkpages-admin/.npmrc
5 silly config load:file:/Users/nnenaene/.npmrc
6 silly config load:file:/usr/local/etc/npmrc
7 verbose title npm install react-router-dom
8 verbose argv "install" "react-router-dom"
9 verbose logfile logs-max:10 dir:/Users/nnenaene/Desktop/blkpages/blkpages-admin/.npm-cache/_logs/2025-10-30T21_56_05_358Z-
10 verbose logfile /Users/nnenaene/Desktop/blkpages/blkpages-admin/.npm-cache/_logs/2025-10-30T21_56_05_358Z-debug-0.log
11 silly logfile done cleaning log files
12 silly packumentCache heap:2197815296 maxSize:549453824 maxEntrySize:274726912
13 silly idealTree buildDeps
14 silly fetch manifest react-router-dom@^6.27.0
15 silly packumentCache full:https://registry.npmjs.org/react-router-dom cache-miss
16 verbose shrinkwrap failed to load node_modules/.package-lock.json out of date, updated: node_modules
17 http fetch GET 200 https://registry.npmjs.org/react-router-dom 3282ms (cache miss)
18 silly packumentCache full:https://registry.npmjs.org/react-router-dom set size:undefined disposed:false
19 silly fetch manifest react@^18.2.0
20 silly packumentCache full:https://registry.npmjs.org/react cache-miss
21 http fetch GET 200 https://registry.npmjs.org/react 625ms (cache revalidated)
22 silly packumentCache full:https://registry.npmjs.org/react set size:6212761 disposed:false
23 silly fetch manifest react-dom@^18.2.0
24 silly packumentCache full:https://registry.npmjs.org/react-dom cache-miss
25 http fetch GET 200 https://registry.npmjs.org/react-dom 399ms (cache revalidated)
26 silly packumentCache full:https://registry.npmjs.org/react-dom set size:8118212 disposed:false
27 silly placeDep ROOT react-router-dom@6.30.1 OK for: blkpages-admin@0.0.1 want: ^6.27.0
28 silly fetch manifest react-router@6.30.1
29 silly packumentCache full:https://registry.npmjs.org/react-router cache-miss
30 silly fetch manifest @remix-run/router@1.23.0
31 silly packumentCache full:https://registry.npmjs.org/@remix-run%2frouter cache-miss
32 http fetch GET 200 https://registry.npmjs.org/@remix-run%2frouter 804ms (cache miss)
33 silly packumentCache full:https://registry.npmjs.org/@remix-run%2frouter set size:undefined disposed:false
34 http fetch GET 200 https://registry.npmjs.org/react-router 1068ms (cache miss)
35 silly packumentCache full:https://registry.npmjs.org/react-router set size:undefined disposed:false
36 silly fetch manifest react@>=16.8
37 silly packumentCache full:https://registry.npmjs.org/react cache-miss
38 http cache https://registry.npmjs.org/react 289ms (cache hit)
39 silly packumentCache full:https://registry.npmjs.org/react set size:6212761 disposed:false
40 silly placeDep ROOT @remix-run/router@1.23.0 OK for: react-router-dom@6.30.1 want: 1.23.0
41 silly placeDep ROOT react-router@6.30.1 OK for: react-router-dom@6.30.1 want: 6.30.1
42 silly reify moves {}
43 silly audit bulk request {
43 silly audit   '@babel/code-frame': [ '7.27.1' ],
43 silly audit   '@babel/compat-data': [ '7.28.5' ],
43 silly audit   '@babel/core': [ '7.28.5' ],
43 silly audit   '@babel/generator': [ '7.28.5' ],
43 silly audit   '@babel/helper-compilation-targets': [ '7.27.2' ],
43 silly audit   '@babel/helper-globals': [ '7.28.0' ],
43 silly audit   '@babel/helper-module-imports': [ '7.27.1' ],
43 silly audit   '@babel/helper-module-transforms': [ '7.28.3' ],
43 silly audit   '@babel/helper-plugin-utils': [ '7.27.1' ],
43 silly audit   '@babel/helper-string-parser': [ '7.27.1' ],
43 silly audit   '@babel/helper-validator-identifier': [ '7.28.5' ],
43 silly audit   '@babel/helper-validator-option': [ '7.27.1' ],
43 silly audit   '@babel/helpers': [ '7.28.4' ],
43 silly audit   '@babel/parser': [ '7.28.5' ],
43 silly audit   '@babel/plugin-transform-react-jsx-self': [ '7.27.1' ],
43 silly audit   '@babel/plugin-transform-react-jsx-source': [ '7.27.1' ],
43 silly audit   '@babel/template': [ '7.27.2' ],
43 silly audit   '@babel/traverse': [ '7.28.5' ],
43 silly audit   '@babel/types': [ '7.28.5' ],
43 silly audit   '@esbuild/aix-ppc64': [ '0.21.5' ],
43 silly audit   '@esbuild/android-arm': [ '0.21.5' ],
43 silly audit   '@esbuild/android-arm64': [ '0.21.5' ],
43 silly audit   '@esbuild/android-x64': [ '0.21.5' ],
43 silly audit   '@esbuild/darwin-arm64': [ '0.21.5' ],
43 silly audit   '@esbuild/darwin-x64': [ '0.21.5' ],
43 silly audit   '@esbuild/freebsd-arm64': [ '0.21.5' ],
43 silly audit   '@esbuild/freebsd-x64': [ '0.21.5' ],
43 silly audit   '@esbuild/linux-arm': [ '0.21.5' ],
43 silly audit   '@esbuild/linux-arm64': [ '0.21.5' ],
43 silly audit   '@esbuild/linux-ia32': [ '0.21.5' ],
43 silly audit   '@esbuild/linux-loong64': [ '0.21.5' ],
43 silly audit   '@esbuild/linux-mips64el': [ '0.21.5' ],
43 silly audit   '@esbuild/linux-ppc64': [ '0.21.5' ],
43 silly audit   '@esbuild/linux-riscv64': [ '0.21.5' ],
43 silly audit   '@esbuild/linux-s390x': [ '0.21.5' ],
43 silly audit   '@esbuild/linux-x64': [ '0.21.5' ],
43 silly audit   '@esbuild/netbsd-x64': [ '0.21.5' ],
43 silly audit   '@esbuild/openbsd-x64': [ '0.21.5' ],
43 silly audit   '@esbuild/sunos-x64': [ '0.21.5' ],
43 silly audit   '@esbuild/win32-arm64': [ '0.21.5' ],
43 silly audit   '@esbuild/win32-ia32': [ '0.21.5' ],
43 silly audit   '@esbuild/win32-x64': [ '0.21.5' ],
43 silly audit   '@firebase/analytics': [ '0.10.8' ],
43 silly audit   '@firebase/analytics-compat': [ '0.2.14' ],
43 silly audit   '@firebase/analytics-types': [ '0.8.2' ],
43 silly audit   '@firebase/app': [ '0.10.13' ],
43 silly audit   '@firebase/app-check': [ '0.8.8' ],
43 silly audit   '@firebase/app-check-compat': [ '0.3.15' ],
43 silly audit   '@firebase/app-check-interop-types': [ '0.3.2' ],
43 silly audit   '@firebase/app-check-types': [ '0.5.2' ],
43 silly audit   '@firebase/app-compat': [ '0.2.43' ],
43 silly audit   '@firebase/app-types': [ '0.9.2' ],
43 silly audit   '@firebase/auth-compat': [ '0.5.14' ],
43 silly audit   '@firebase/auth': [ '1.7.9' ],
43 silly audit   '@firebase/auth-interop-types': [ '0.2.3' ],
43 silly audit   '@firebase/auth-types': [ '0.12.2' ],
43 silly audit   '@firebase/component': [ '0.6.9' ],
43 silly audit   '@firebase/data-connect': [ '0.1.0' ],
43 silly audit   '@firebase/database': [ '1.0.8' ],
43 silly audit   '@firebase/database-compat': [ '1.0.8' ],
43 silly audit   '@firebase/database-types': [ '1.0.5' ],
43 silly audit   '@firebase/firestore': [ '4.7.3' ],
43 silly audit   '@firebase/firestore-compat': [ '0.3.38' ],
43 silly audit   '@firebase/firestore-types': [ '3.0.2' ],
43 silly audit   '@firebase/functions': [ '0.11.8' ],
43 silly audit   '@firebase/functions-compat': [ '0.3.14' ],
43 silly audit   '@firebase/functions-types': [ '0.6.2' ],
43 silly audit   '@firebase/installations': [ '0.6.9' ],
43 silly audit   '@firebase/installations-compat': [ '0.2.9' ],
43 silly audit   '@firebase/installations-types': [ '0.5.2' ],
43 silly audit   '@firebase/logger': [ '0.4.2' ],
43 silly audit   '@firebase/messaging': [ '0.12.12' ],
43 silly audit   '@firebase/messaging-compat': [ '0.2.12' ],
43 silly audit   '@firebase/messaging-interop-types': [ '0.2.2' ],
43 silly audit   '@firebase/performance': [ '0.6.9' ],
43 silly audit   '@firebase/performance-compat': [ '0.2.9' ],
43 silly audit   '@firebase/performance-types': [ '0.2.2' ],
43 silly audit   '@firebase/remote-config': [ '0.4.9' ],
43 silly audit   '@firebase/remote-config-compat': [ '0.2.9' ],
43 silly audit   '@firebase/remote-config-types': [ '0.3.2' ],
43 silly audit   '@firebase/storage': [ '0.13.2' ],
43 silly audit   '@firebase/storage-compat': [ '0.3.12' ],
43 silly audit   '@firebase/storage-types': [ '0.8.2' ],
43 silly audit   '@firebase/util': [ '1.10.0' ],
43 silly audit   '@firebase/vertexai-preview': [ '0.0.4' ],
43 silly audit   '@firebase/webchannel-wrapper': [ '1.0.1' ],
43 silly audit   '@grpc/grpc-js': [ '1.9.15' ],
43 silly audit   '@grpc/proto-loader': [ '0.7.15' ],
43 silly audit   '@jridgewell/gen-mapping': [ '0.3.13' ],
43 silly audit   '@jridgewell/remapping': [ '2.3.5' ],
43 silly audit   '@jridgewell/resolve-uri': [ '3.1.2' ],
43 silly audit   '@jridgewell/sourcemap-codec': [ '1.5.5' ],
43 silly audit   '@jridgewell/trace-mapping': [ '0.3.31' ],
43 silly audit   '@kurkle/color': [ '0.3.4' ],
43 silly audit   '@protobufjs/aspromise': [ '1.1.2' ],
43 silly audit   '@protobufjs/base64': [ '1.1.2' ],
43 silly audit   '@protobufjs/codegen': [ '2.0.4' ],
43 silly audit   '@protobufjs/eventemitter': [ '1.1.0' ],
43 silly audit   '@protobufjs/fetch': [ '1.1.0' ],
43 silly audit   '@protobufjs/float': [ '1.0.2' ],
43 silly audit   '@protobufjs/inquire': [ '1.1.0' ],
43 silly audit   '@protobufjs/path': [ '1.1.2' ],
43 silly audit   '@protobufjs/pool': [ '1.1.0' ],
43 silly audit   '@protobufjs/utf8': [ '1.1.0' ],
43 silly audit   '@rolldown/pluginutils': [ '1.0.0-beta.27' ],
43 silly audit   '@rollup/rollup-android-arm-eabi': [ '4.52.5' ],
43 silly audit   '@rollup/rollup-android-arm64': [ '4.52.5' ],
43 silly audit   '@rollup/rollup-darwin-arm64': [ '4.52.5' ],
43 silly audit   '@rollup/rollup-darwin-x64': [ '4.52.5' ],
43 silly audit   '@rollup/rollup-freebsd-arm64': [ '4.52.5' ],
43 silly audit   '@rollup/rollup-freebsd-x64': [ '4.52.5' ],
43 silly audit   '@rollup/rollup-linux-arm-gnueabihf': [ '4.52.5' ],
43 silly audit   '@rollup/rollup-linux-arm-musleabihf': [ '4.52.5' ],
43 silly audit   '@rollup/rollup-linux-arm64-gnu': [ '4.52.5' ],
43 silly audit   '@rollup/rollup-linux-arm64-musl': [ '4.52.5' ],
43 silly audit   '@rollup/rollup-linux-loong64-gnu': [ '4.52.5' ],
43 silly audit   '@rollup/rollup-linux-ppc64-gnu': [ '4.52.5' ],
43 silly audit   '@rollup/rollup-linux-riscv64-gnu': [ '4.52.5' ],
43 silly audit   '@rollup/rollup-linux-riscv64-musl': [ '4.52.5' ],
43 silly audit   '@rollup/rollup-linux-s390x-gnu': [ '4.52.5' ],
43 silly audit   '@rollup/rollup-linux-x64-gnu': [ '4.52.5' ],
43 silly audit   '@rollup/rollup-linux-x64-musl': [ '4.52.5' ],
43 silly audit   '@rollup/rollup-openharmony-arm64': [ '4.52.5' ],
43 silly audit   '@rollup/rollup-win32-arm64-msvc': [ '4.52.5' ],
43 silly audit   '@rollup/rollup-win32-ia32-msvc': [ '4.52.5' ],
43 silly audit   '@rollup/rollup-win32-x64-gnu': [ '4.52.5' ],
43 silly audit   '@rollup/rollup-win32-x64-msvc': [ '4.52.5' ],
43 silly audit   '@types/babel__core': [ '7.20.5' ],
43 silly audit   '@types/babel__generator': [ '7.27.0' ],
43 silly audit   '@types/babel__template': [ '7.4.4' ],
43 silly audit   '@types/babel__traverse': [ '7.28.0' ],
43 silly audit   '@types/estree': [ '1.0.8' ],
43 silly audit   '@types/node': [ '24.9.2' ],
43 silly audit   '@vitejs/plugin-react': [ '4.7.0' ],
43 silly audit   'ansi-regex': [ '5.0.1' ],
43 silly audit   'ansi-styles': [ '4.3.0' ],
43 silly audit   'baseline-browser-mapping': [ '2.8.21' ],
43 silly audit   browserslist: [ '4.27.0' ],
43 silly audit   'caniuse-lite': [ '1.0.30001751' ],
43 silly audit   'chart.js': [ '4.5.1' ],
43 silly audit   cliui: [ '8.0.1' ],
43 silly audit   'color-convert': [ '2.0.1' ],
43 silly audit   'color-name': [ '1.1.4' ],
43 silly audit   'convert-source-map': [ '2.0.0' ],
43 silly audit   debug: [ '4.4.3' ],
43 silly audit   'electron-to-chromium': [ '1.5.244' ],
43 silly audit   'emoji-regex': [ '8.0.0' ],
43 silly audit   esbuild: [ '0.21.5' ],
43 silly audit   escalade: [ '3.2.0' ],
43 silly audit   'faye-websocket': [ '0.11.4' ],
43 silly audit   firebase: [ '10.14.1' ],
43 silly audit   fsevents: [ '2.3.3' ],
43 silly audit   gensync: [ '1.0.0-beta.2' ],
43 silly audit   'get-caller-file': [ '2.0.5' ],
43 silly audit   'http-parser-js': [ '0.5.10' ],
43 silly audit   idb: [ '7.1.1' ],
43 silly audit   'is-fullwidth-code-point': [ '3.0.0' ],
43 silly audit   'js-tokens': [ '4.0.0' ],
43 silly audit   jsesc: [ '3.1.0' ],
43 silly audit   json5: [ '2.2.3' ],
43 silly audit   'lodash.camelcase': [ '4.3.0' ],
43 silly audit   long: [ '5.3.2' ],
43 silly audit   'loose-envify': [ '1.4.0' ],
43 silly audit   'lru-cache': [ '5.1.1' ],
43 silly audit   ms: [ '2.1.3' ],
43 silly audit   nanoid: [ '3.3.11' ],
43 silly audit   'node-releases': [ '2.0.27' ],
43 silly audit   picocolors: [ '1.1.1' ],
43 silly audit   postcss: [ '8.5.6' ],
43 silly audit   protobufjs: [ '7.5.4' ],
43 silly audit   react: [ '18.3.1' ],
43 silly audit   'react-chartjs-2': [ '5.3.1' ],
43 silly audit   'react-dom': [ '18.3.1' ],
43 silly audit   'react-refresh': [ '0.17.0' ],
43 silly audit   'require-directory': [ '2.1.1' ],
43 silly audit   rollup: [ '4.52.5' ],
43 silly audit   'safe-buffer': [ '5.2.1' ],
43 silly audit   scheduler: [ '0.23.2' ],
43 silly audit   semver: [ '6.3.1' ],
43 silly audit   'source-map-js': [ '1.2.1' ],
43 silly audit   'string-width': [ '4.2.3' ],
43 silly audit   'strip-ansi': [ '6.0.1' ],
43 silly audit   tslib: [ '2.8.1' ],
43 silly audit   undici: [ '6.19.7' ],
43 silly audit   'undici-types': [ '7.16.0' ],
43 silly audit   'update-browserslist-db': [ '1.1.4' ],
43 silly audit   vite: [ '5.4.21' ],
43 silly audit   'websocket-driver': [ '0.7.4' ],
43 silly audit   'websocket-extensions': [ '0.1.4' ],
43 silly audit   'wrap-ansi': [ '7.0.0' ],
43 silly audit   y18n: [ '5.0.8' ],
43 silly audit   yallist: [ '3.1.1' ],
43 silly audit   yargs: [ '17.7.2' ],
43 silly audit   'yargs-parser': [ '21.1.1' ],
43 silly audit   'react-router-dom': [ '6.30.1' ],
43 silly audit   '@remix-run/router': [ '1.23.0' ],
43 silly audit   'react-router': [ '6.30.1' ]
43 silly audit }
44 verbose reify failed optional dependency /Users/nnenaene/Desktop/blkpages/blkpages-admin/node_modules/@rollup/rollup-win32-x64-msvc
45 silly reify mark deleted [
45 silly reify   '/Users/nnenaene/Desktop/blkpages/blkpages-admin/node_modules/@rollup/rollup-win32-x64-msvc'
45 silly reify ]
46 verbose reify failed optional dependency /Users/nnenaene/Desktop/blkpages/blkpages-admin/node_modules/@rollup/rollup-win32-x64-gnu
47 silly reify mark deleted [
47 silly reify   '/Users/nnenaene/Desktop/blkpages/blkpages-admin/node_modules/@rollup/rollup-win32-x64-gnu'
47 silly reify ]
48 verbose reify failed optional dependency /Users/nnenaene/Desktop/blkpages/blkpages-admin/node_modules/@rollup/rollup-win32-ia32-msvc
49 silly reify mark deleted [
49 silly reify   '/Users/nnenaene/Desktop/blkpages/blkpages-admin/node_modules/@rollup/rollup-win32-ia32-msvc'
49 silly reify ]
50 verbose reify failed optional dependency /Users/nnenaene/Desktop/blkpages/blkpages-admin/node_modules/@rollup/rollup-win32-arm64-msvc
51 silly reify mark deleted [
51 silly reify   '/Users/nnenaene/Desktop/blkpages/blkpages-admin/node_modules/@rollup/rollup-win32-arm64-msvc'
51 silly reify ]
52 verbose reify failed optional dependency /Users/nnenaene/Desktop/blkpages/blkpages-admin/node_modules/@rollup/rollup-openharmony-arm64
53 silly reify mark deleted [
53 silly reify   '/Users/nnenaene/Desktop/blkpages/blkpages-admin/node_modules/@rollup/rollup-openharmony-arm64'
53 silly reify ]
54 verbose reify failed optional dependency /Users/nnenaene/Desktop/blkpages/blkpages-admin/node_modules/@rollup/rollup-linux-x64-musl
55 silly reify mark deleted [
55 silly reify   '/Users/nnenaene/Desktop/blkpages/blkpages-admin/node_modules/@rollup/rollup-linux-x64-musl'
55 silly reify ]
56 verbose reify failed optional dependency /Users/nnenaene/Desktop/blkpages/blkpages-admin/node_modules/@rollup/rollup-linux-x64-gnu
57 silly reify mark deleted [
57 silly reify   '/Users/nnenaene/Desktop/blkpages/blkpages-admin/node_modules/@rollup/rollup-linux-x64-gnu'
57 silly reify ]
58 verbose reify failed optional dependency /Users/nnenaene/Desktop/blkpages/blkpages-admin/node_modules/@rollup/rollup-linux-s390x-gnu
59 silly reify mark deleted [
59 silly reify   '/Users/nnenaene/Desktop/blkpages/blkpages-admin/node_modules/@rollup/rollup-linux-s390x-gnu'
59 silly reify ]
60 verbose reify failed optional dependency /Users/nnenaene/Desktop/blkpages/blkpages-admin/node_modules/@rollup/rollup-linux-riscv64-musl
61 silly reify mark deleted [
61 silly reify   '/Users/nnenaene/Desktop/blkpages/blkpages-admin/node_modules/@rollup/rollup-linux-riscv64-musl'
61 silly reify ]
62 verbose reify failed optional dependency /Users/nnenaene/Desktop/blkpages/blkpages-admin/node_modules/@rollup/rollup-linux-riscv64-gnu
63 silly reify mark deleted [
63 silly reify   '/Users/nnenaene/Desktop/blkpages/blkpages-admin/node_modules/@rollup/rollup-linux-riscv64-gnu'
63 silly reify ]
64 verbose reify failed optional dependency /Users/nnenaene/Desktop/blkpages/blkpages-admin/node_modules/@rollup/rollup-linux-ppc64-gnu
65 silly reify mark deleted [
65 silly reify   '/Users/nnenaene/Desktop/blkpages/blkpages-admin/node_modules/@rollup/rollup-linux-ppc64-gnu'
65 silly reify ]
66 verbose reify failed optional dependency /Users/nnenaene/Desktop/blkpages/blkpages-admin/node_modules/@rollup/rollup-linux-loong64-gnu
67 silly reify mark deleted [
67 silly reify   '/Users/nnenaene/Desktop/blkpages/blkpages-admin/node_modules/@rollup/rollup-linux-loong64-gnu'
67 silly reify ]
68 verbose reify failed optional dependency /Users/nnenaene/Desktop/blkpages/blkpages-admin/node_modules/@rollup/rollup-linux-arm64-musl
69 silly reify mark deleted [
69 silly reify   '/Users/nnenaene/Desktop/blkpages/blkpages-admin/node_modules/@rollup/rollup-linux-arm64-musl'
69 silly reify ]
70 verbose reify failed optional dependency /Users/nnenaene/Desktop/blkpages/blkpages-admin/node_modules/@rollup/rollup-linux-arm64-gnu
71 silly reify mark deleted [
71 silly reify   '/Users/nnenaene/Desktop/blkpages/blkpages-admin/node_modules/@rollup/rollup-linux-arm64-gnu'
71 silly reify ]
72 verbose reify failed optional dependency /Users/nnenaene/Desktop/blkpages/blkpages-admin/node_modules/@rollup/rollup-linux-arm-musleabihf
73 silly reify mark deleted [
73 silly reify   '/Users/nnenaene/Desktop/blkpages/blkpages-admin/node_modules/@rollup/rollup-linux-arm-musleabihf'
73 silly reify ]
74 verbose reify failed optional dependency /Users/nnenaene/Desktop/blkpages/blkpages-admin/node_modules/@rollup/rollup-linux-arm-gnueabihf
75 silly reify mark deleted [
75 silly reify   '/Users/nnenaene/Desktop/blkpages/blkpages-admin/node_modules/@rollup/rollup-linux-arm-gnueabihf'
75 silly reify ]
76 verbose reify failed optional dependency /Users/nnenaene/Desktop/blkpages/blkpages-admin/node_modules/@rollup/rollup-freebsd-x64
77 silly reify mark deleted [
77 silly reify   '/Users/nnenaene/Desktop/blkpages/blkpages-admin/node_modules/@rollup/rollup-freebsd-x64'
77 silly reify ]
78 verbose reify failed optional dependency /Users/nnenaene/Desktop/blkpages/blkpages-admin/node_modules/@rollup/rollup-freebsd-arm64
79 silly reify mark deleted [
79 silly reify   '/Users/nnenaene/Desktop/blkpages/blkpages-admin/node_modules/@rollup/rollup-freebsd-arm64'
79 silly reify ]
80 verbose reify failed optional dependency /Users/nnenaene/Desktop/blkpages/blkpages-admin/node_modules/@rollup/rollup-darwin-arm64
81 silly reify mark deleted [
81 silly reify   '/Users/nnenaene/Desktop/blkpages/blkpages-admin/node_modules/@rollup/rollup-darwin-arm64'
81 silly reify ]
82 verbose reify failed optional dependency /Users/nnenaene/Desktop/blkpages/blkpages-admin/node_modules/@rollup/rollup-android-arm64
83 silly reify mark deleted [
83 silly reify   '/Users/nnenaene/Desktop/blkpages/blkpages-admin/node_modules/@rollup/rollup-android-arm64'
83 silly reify ]
84 verbose reify failed optional dependency /Users/nnenaene/Desktop/blkpages/blkpages-admin/node_modules/@rollup/rollup-android-arm-eabi
85 silly reify mark deleted [
85 silly reify   '/Users/nnenaene/Desktop/blkpages/blkpages-admin/node_modules/@rollup/rollup-android-arm-eabi'
85 silly reify ]
86 verbose reify failed optional dependency /Users/nnenaene/Desktop/blkpages/blkpages-admin/node_modules/@esbuild/win32-x64
87 silly reify mark deleted [
87 silly reify   '/Users/nnenaene/Desktop/blkpages/blkpages-admin/node_modules/@esbuild/win32-x64'
87 silly reify ]
88 verbose reify failed optional dependency /Users/nnenaene/Desktop/blkpages/blkpages-admin/node_modules/@esbuild/win32-ia32
89 silly reify mark deleted [
89 silly reify   '/Users/nnenaene/Desktop/blkpages/blkpages-admin/node_modules/@esbuild/win32-ia32'
89 silly reify ]
90 verbose reify failed optional dependency /Users/nnenaene/Desktop/blkpages/blkpages-admin/node_modules/@esbuild/win32-arm64
91 silly reify mark deleted [
91 silly reify   '/Users/nnenaene/Desktop/blkpages/blkpages-admin/node_modules/@esbuild/win32-arm64'
91 silly reify ]
92 verbose reify failed optional dependency /Users/nnenaene/Desktop/blkpages/blkpages-admin/node_modules/@esbuild/sunos-x64
93 silly reify mark deleted [
93 silly reify   '/Users/nnenaene/Desktop/blkpages/blkpages-admin/node_modules/@esbuild/sunos-x64'
93 silly reify ]
94 verbose reify failed optional dependency /Users/nnenaene/Desktop/blkpages/blkpages-admin/node_modules/@esbuild/openbsd-x64
95 silly reify mark deleted [
95 silly reify   '/Users/nnenaene/Desktop/blkpages/blkpages-admin/node_modules/@esbuild/openbsd-x64'
95 silly reify ]
96 verbose reify failed optional dependency /Users/nnenaene/Desktop/blkpages/blkpages-admin/node_modules/@esbuild/netbsd-x64
97 silly reify mark deleted [
97 silly reify   '/Users/nnenaene/Desktop/blkpages/blkpages-admin/node_modules/@esbuild/netbsd-x64'
97 silly reify ]
98 verbose reify failed optional dependency /Users/nnenaene/Desktop/blkpages/blkpages-admin/node_modules/@esbuild/linux-x64
99 silly reify mark deleted [
99 silly reify   '/Users/nnenaene/Desktop/blkpages/blkpages-admin/node_modules/@esbuild/linux-x64'
99 silly reify ]
100 verbose reify failed optional dependency /Users/nnenaene/Desktop/blkpages/blkpages-admin/node_modules/@esbuild/linux-s390x
101 silly reify mark deleted [
101 silly reify   '/Users/nnenaene/Desktop/blkpages/blkpages-admin/node_modules/@esbuild/linux-s390x'
101 silly reify ]
102 verbose reify failed optional dependency /Users/nnenaene/Desktop/blkpages/blkpages-admin/node_modules/@esbuild/linux-riscv64
103 silly reify mark deleted [
103 silly reify   '/Users/nnenaene/Desktop/blkpages/blkpages-admin/node_modules/@esbuild/linux-riscv64'
103 silly reify ]
104 verbose reify failed optional dependency /Users/nnenaene/Desktop/blkpages/blkpages-admin/node_modules/@esbuild/linux-ppc64
105 silly reify mark deleted [
105 silly reify   '/Users/nnenaene/Desktop/blkpages/blkpages-admin/node_modules/@esbuild/linux-ppc64'
105 silly reify ]
106 verbose reify failed optional dependency /Users/nnenaene/Desktop/blkpages/blkpages-admin/node_modules/@esbuild/linux-mips64el
107 silly reify mark deleted [
107 silly reify   '/Users/nnenaene/Desktop/blkpages/blkpages-admin/node_modules/@esbuild/linux-mips64el'
107 silly reify ]
108 verbose reify failed optional dependency /Users/nnenaene/Desktop/blkpages/blkpages-admin/node_modules/@esbuild/linux-loong64
109 silly reify mark deleted [
109 silly reify   '/Users/nnenaene/Desktop/blkpages/blkpages-admin/node_modules/@esbuild/linux-loong64'
109 silly reify ]
110 verbose reify failed optional dependency /Users/nnenaene/Desktop/blkpages/blkpages-admin/node_modules/@esbuild/linux-ia32
111 silly reify mark deleted [
111 silly reify   '/Users/nnenaene/Desktop/blkpages/blkpages-admin/node_modules/@esbuild/linux-ia32'
111 silly reify ]
112 verbose reify failed optional dependency /Users/nnenaene/Desktop/blkpages/blkpages-admin/node_modules/@esbuild/linux-arm64
113 silly reify mark deleted [
113 silly reify   '/Users/nnenaene/Desktop/blkpages/blkpages-admin/node_modules/@esbuild/linux-arm64'
113 silly reify ]
114 verbose reify failed optional dependency /Users/nnenaene/Desktop/blkpages/blkpages-admin/node_modules/@esbuild/linux-arm
115 silly reify mark deleted [
115 silly reify   '/Users/nnenaene/Desktop/blkpages/blkpages-admin/node_modules/@esbuild/linux-arm'
115 silly reify ]
116 verbose reify failed optional dependency /Users/nnenaene/Desktop/blkpages/blkpages-admin/node_modules/@esbuild/freebsd-x64
117 silly reify mark deleted [
117 silly reify   '/Users/nnenaene/Desktop/blkpages/blkpages-admin/node_modules/@esbuild/freebsd-x64'
117 silly reify ]
118 verbose reify failed optional dependency /Users/nnenaene/Desktop/blkpages/blkpages-admin/node_modules/@esbuild/freebsd-arm64
119 silly reify mark deleted [
119 silly reify   '/Users/nnenaene/Desktop/blkpages/blkpages-admin/node_modules/@esbuild/freebsd-arm64'
119 silly reify ]
120 verbose reify failed optional dependency /Users/nnenaene/Desktop/blkpages/blkpages-admin/node_modules/@esbuild/darwin-arm64
121 silly reify mark deleted [
121 silly reify   '/Users/nnenaene/Desktop/blkpages/blkpages-admin/node_modules/@esbuild/darwin-arm64'
121 silly reify ]
122 verbose reify failed optional dependency /Users/nnenaene/Desktop/blkpages/blkpages-admin/node_modules/@esbuild/android-x64
123 silly reify mark deleted [
123 silly reify   '/Users/nnenaene/Desktop/blkpages/blkpages-admin/node_modules/@esbuild/android-x64'
123 silly reify ]
124 verbose reify failed optional dependency /Users/nnenaene/Desktop/blkpages/blkpages-admin/node_modules/@esbuild/android-arm64
125 silly reify mark deleted [
125 silly reify   '/Users/nnenaene/Desktop/blkpages/blkpages-admin/node_modules/@esbuild/android-arm64'
125 silly reify ]
126 verbose reify failed optional dependency /Users/nnenaene/Desktop/blkpages/blkpages-admin/node_modules/@esbuild/android-arm
127 silly reify mark deleted [
127 silly reify   '/Users/nnenaene/Desktop/blkpages/blkpages-admin/node_modules/@esbuild/android-arm'
127 silly reify ]
128 verbose reify failed optional dependency /Users/nnenaene/Desktop/blkpages/blkpages-admin/node_modules/@esbuild/aix-ppc64
129 silly reify mark deleted [
129 silly reify   '/Users/nnenaene/Desktop/blkpages/blkpages-admin/node_modules/@esbuild/aix-ppc64'
129 silly reify ]
130 http cache react-router@https://registry.npmjs.org/react-router/-/react-router-6.30.1.tgz 0ms (cache hit)
131 http cache @remix-run/router@https://registry.npmjs.org/@remix-run/router/-/router-1.23.0.tgz 0ms (cache hit)
132 http cache react-router-dom@https://registry.npmjs.org/react-router-dom/-/react-router-dom-6.30.1.tgz 0ms (cache hit)
133 http cache fsevents@https://registry.npmjs.org/fsevents/-/fsevents-2.3.3.tgz 0ms (cache hit)
134 silly tarball no local data for react-router-dom@https://registry.npmjs.org/react-router-dom/-/react-router-dom-6.30.1.tgz. Extracting by manifest.
135 silly tarball no local data for react-router@https://registry.npmjs.org/react-router/-/react-router-6.30.1.tgz. Extracting by manifest.
136 silly tarball no local data for @remix-run/router@https://registry.npmjs.org/@remix-run/router/-/router-1.23.0.tgz. Extracting by manifest.
137 http fetch POST 200 https://registry.npmjs.org/-/npm/v1/security/advisories/bulk 373ms
138 silly audit report {
138 silly audit report   esbuild: [
138 silly audit report     {
138 silly audit report       id: 1102341,
138 silly audit report       url: 'https://github.com/advisories/GHSA-67mh-4wv8-2f99',
138 silly audit report       title: 'esbuild enables any website to send any requests to the development server and read the response',
138 silly audit report       severity: 'moderate',
138 silly audit report       vulnerable_versions: '<=0.24.2',
138 silly audit report       cwe: [Array],
138 silly audit report       cvss: [Object]
138 silly audit report     }
138 silly audit report   ],
138 silly audit report   undici: [
138 silly audit report     {
138 silly audit report       id: 1101609,
138 silly audit report       url: 'https://github.com/advisories/GHSA-c76h-2ccp-4975',
138 silly audit report       title: 'Use of Insufficiently Random Values in undici',
138 silly audit report       severity: 'moderate',
138 silly audit report       vulnerable_versions: '>=6.0.0 <6.21.1',
138 silly audit report       cwe: [Array],
138 silly audit report       cvss: [Object]
138 silly audit report     },
138 silly audit report     {
138 silly audit report       id: 1104500,
138 silly audit report       url: 'https://github.com/advisories/GHSA-cxrh-j4jr-qwg3',
138 silly audit report       title: 'undici Denial of Service attack via bad certificate data',
138 silly audit report       severity: 'low',
138 silly audit report       vulnerable_versions: '>=6.0.0 <6.21.2',
138 silly audit report       cwe: [Array],
138 silly audit report       cvss: [Object]
138 silly audit report     }
138 silly audit report   ]
138 silly audit report }
139 silly packumentCache corgi:https://registry.npmjs.org/esbuild cache-miss
140 silly packumentCache corgi:https://registry.npmjs.org/undici cache-miss
141 http fetch GET 200 https://registry.npmjs.org/undici 1115ms (cache revalidated)
142 silly packumentCache corgi:https://registry.npmjs.org/undici set size:395956 disposed:false
143 http fetch GET 200 https://registry.npmjs.org/esbuild 1180ms (cache revalidated)
144 silly packumentCache corgi:https://registry.npmjs.org/esbuild set size:869842 disposed:false
145 silly packumentCache corgi:https://registry.npmjs.org/vite cache-miss
146 http fetch GET 200 https://registry.npmjs.org/react-router-dom/-/react-router-dom-6.30.1.tgz 2151ms (cache miss)
147 http fetch GET 200 https://registry.npmjs.org/vite 853ms (cache revalidated)
148 silly packumentCache corgi:https://registry.npmjs.org/vite set size:2112523 disposed:false
149 silly packumentCache corgi:https://registry.npmjs.org/@firebase%2fauth-compat cache-miss
150 silly packumentCache corgi:https://registry.npmjs.org/@firebase%2fauth cache-miss
151 silly packumentCache corgi:https://registry.npmjs.org/@firebase%2ffirestore cache-miss
152 silly packumentCache corgi:https://registry.npmjs.org/@firebase%2ffunctions cache-miss
153 silly packumentCache corgi:https://registry.npmjs.org/@firebase%2fstorage cache-miss
154 http fetch GET 200 https://registry.npmjs.org/@firebase%2fauth-compat 1196ms (cache revalidated)
155 silly packumentCache corgi:https://registry.npmjs.org/@firebase%2fauth-compat set size:2312172 disposed:false
156 http fetch GET 200 https://registry.npmjs.org/@firebase%2fauth 1489ms (cache revalidated)
157 silly packumentCache corgi:https://registry.npmjs.org/@firebase%2fauth set size:6200913 disposed:false
158 http fetch GET 200 https://registry.npmjs.org/@firebase%2ffirestore 2162ms (cache revalidated)
159 silly packumentCache corgi:https://registry.npmjs.org/@firebase%2ffirestore set size:8840424 disposed:false
160 http fetch GET 200 https://registry.npmjs.org/@firebase%2ffunctions 2808ms (cache revalidated)
161 silly packumentCache corgi:https://registry.npmjs.org/@firebase%2ffunctions set size:6733135 disposed:false
162 http fetch GET 200 https://registry.npmjs.org/react-router/-/react-router-6.30.1.tgz 5541ms (cache miss)
163 http fetch GET 200 https://registry.npmjs.org/@firebase%2fstorage 3515ms (cache revalidated)
164 silly packumentCache corgi:https://registry.npmjs.org/@firebase%2fstorage set size:6398611 disposed:false
165 silly packumentCache corgi:https://registry.npmjs.org/@vitejs%2fplugin-react cache-miss
166 http fetch GET 200 https://registry.npmjs.org/@remix-run/router/-/router-1.23.0.tgz 7858ms (cache miss)
167 http fetch GET 200 https://registry.npmjs.org/@vitejs%2fplugin-react 2220ms (cache revalidated)
168 silly packumentCache corgi:https://registry.npmjs.org/@vitejs%2fplugin-react set size:102396 disposed:false
169 silly packumentCache corgi:https://registry.npmjs.org/firebase cache-miss
170 http fetch GET 200 https://registry.npmjs.org/firebase 672ms (cache revalidated)
171 silly packumentCache corgi:https://registry.npmjs.org/firebase set size:9606884 disposed:false
172 silly packumentCache corgi:https://registry.npmjs.org/@firebase%2ffirestore-compat cache-miss
173 http fetch GET 200 https://registry.npmjs.org/@firebase%2ffirestore-compat 586ms (cache revalidated)
174 silly packumentCache corgi:https://registry.npmjs.org/@firebase%2ffirestore-compat set size:2370948 disposed:false
175 silly packumentCache corgi:https://registry.npmjs.org/@firebase%2ffunctions-compat cache-miss
176 http fetch GET 200 https://registry.npmjs.org/@firebase%2ffunctions-compat 467ms (cache revalidated)
177 silly packumentCache corgi:https://registry.npmjs.org/@firebase%2ffunctions-compat set size:2131343 disposed:false
178 silly packumentCache corgi:https://registry.npmjs.org/@firebase%2fstorage-compat cache-miss
179 http fetch GET 200 https://registry.npmjs.org/@firebase%2fstorage-compat 702ms (cache revalidated)
180 silly packumentCache corgi:https://registry.npmjs.org/@firebase%2fstorage-compat set size:2139009 disposed:false
181 silly ADD node_modules/react-router
182 silly ADD node_modules/@remix-run/router
183 silly ADD node_modules/react-router-dom
184 silly ADD node_modules/fsevents
185 silly ADD
186 silly ADD
187 silly ADD
188 silly ADD
189 silly ADD
190 silly ADD
191 silly ADD
192 silly ADD
193 silly ADD
194 silly ADD
195 silly ADD
196 silly ADD
197 silly ADD
198 silly ADD
199 silly ADD
200 silly ADD
201 silly ADD
202 silly ADD
203 silly ADD
204 silly ADD
205 silly ADD
206 silly ADD
207 silly ADD
208 silly ADD
209 silly ADD
210 silly ADD
211 silly ADD
212 silly ADD
213 silly ADD
214 silly ADD
215 silly ADD
216 silly ADD
217 silly ADD
218 silly ADD
219 silly ADD
220 silly ADD
221 silly ADD
222 silly ADD
223 silly ADD
224 silly ADD
225 silly ADD
226 silly ADD
227 silly ADD
228 verbose cwd /Users/nnenaene/Desktop/blkpages/blkpages-admin
229 verbose os Darwin 20.6.0
230 verbose node v22.21.0
231 verbose npm  v10.9.4
232 verbose exit 0
233 info ok
